<?xml version="1.0" encoding="UTF-8" ?>
<testsuite errors="0" failures="0" hostname="gaga" name="nordstromeval.MemcacheTest" skipped="0" tests="3" time="0.964" timestamp="2020-08-14T00:56:41">
  <properties>
[...]
</properties>
  <testcase classname="nordstromeval.MemcacheTest" name="testLRUEvict" time="0.306" />
  <testcase classname="nordstromeval.MemcacheTest" name="testGet" time="0.301" />
  <testcase classname="nordstromeval.MemcacheTest" name="testRandomEvict" time="0.302" />
  <system-out><![CDATA[evict
get
random
]]></system-out>
  <system-err><![CDATA[]]></system-err>
</testsuite>
